Build started 19/11/2017 06:39:39 م.
     1>Project "D:\programs\sheet 5\p1\p1.vcxproj" on node 2 (Build target(s)).
     1>_MASM:
         Assembling f1.asm...
         cmd.exe /C "C:\Users\free\AppData\Local\Temp\tmp27e3b5ee67ae4c95b2f8bdd1a3133c4e.cmd"
         ml.exe /c /nologo /Zi /Fo"Debug\f1.obj" /W3 /errorReport:prompt  /Taf1.asm
       _MASM:
         Assembling io.asm...
         cmd.exe /C "C:\Users\free\AppData\Local\Temp\tmpe31a6e79ca284f93b5d2deb3678f5baa.cmd"
         ml.exe /c /nologo /Zi /Fo"Debug\io.obj" /W3 /errorReport:prompt  /Taio.asm
       ClCompile:
         C:\Program Files (x86)\Microsoft Visual Studio 12.0\VC\bin\CL.exe /c /ZI /nologo /W3 /WX- /sdl /Od /Oy- /D _MBCS /Gm /EHsc /RTC1 /MDd /GS /fp:precise /Zc:wchar_t /Zc:forScope /Fo"Debug\\" /Fd"Debug\vc120.pdb" /Gd /TC /analyze- /errorReport:prompt framework.c
         framework.c
       ResourceCompile:
         C:\Program Files (x86)\Windows Kits\8.1\bin\x86\rc.exe /l"0x0409" /nologo /fo"Debug\framework.res" framework.rc 
       Link:
         C:\Program Files (x86)\Microsoft Visual Studio 12.0\VC\bin\link.exe /ERRORREPORT:PROMPT /OUT:"D:\programs\sheet 5\Debug\p1.exe" /INCREMENTAL /NOLOGO kernel32.lib user32.lib gdi32.lib winspool.lib comdlg32.lib advapi32.lib shell32.lib ole32.lib oleaut32.lib uuid.lib odbc32.lib odbccp32.lib /MANIFEST /MANIFESTUAC:"level='asInvoker' uiAccess='false'" /manifest:embed /DEBUG /PDB:"D:\programs\sheet 5\Debug\p1.pdb" /TLBID:1 /DYNAMICBASE /NXCOMPAT /IMPLIB:"D:\programs\sheet 5\Debug\p1.lib" /MACHINE:X86 Debug\framework.res
         Debug\framework.obj
         Debug\f1.obj
         Debug\io.obj
         p1.vcxproj -> D:\programs\sheet 5\Debug\p1.exe
     1>Done Building Project "D:\programs\sheet 5\p1\p1.vcxproj" (Build target(s)).

Build succeeded.

Time Elapsed 00:00:07.68
